8/9/2016 8:25 PM: ...Fetch SdkRepository
8/9/2016 8:25 PM: ...Fetch SdkAddon
8/9/2016 8:25 PM: ...Fetch SdkGlassAddon
8/9/2016 8:25 PM: ...Fetch ExtraIntelSdkAddon
8/9/2016 8:25 PM: ...Fetch AndroidSysimg
8/9/2016 8:25 PM: ...Fetch AndroidTvSysimg
8/9/2016 8:25 PM: ...Fetch AndroidWearSysimg
8/9/2016 8:25 PM: ...Fetch GoogleApiSysimg
8/9/2016 8:25 PM: Start Fetching, Repository.Url=https://dl.google.com/android/repository
8/9/2016 8:25 PM: Fetched.
8/9/2016 8:26 PM: ...Fetch SdkRepository
8/9/2016 8:26 PM: ...Fetch SdkAddon
8/9/2016 8:26 PM: ...Fetch SdkGlassAddon
8/9/2016 8:26 PM: ...Fetch ExtraIntelSdkAddon
8/9/2016 8:26 PM: ...Fetch AndroidSysimg
8/9/2016 8:26 PM: ...Fetch AndroidTvSysimg
8/9/2016 8:26 PM: ...Fetch AndroidWearSysimg
8/9/2016 8:26 PM: ...Fetch GoogleApiSysimg
8/9/2016 8:26 PM: Start Fetching, Repository.Url=http://android-mirror.bugly.qq.com:8080/android/repository
8/9/2016 8:26 PM: Fetched.
