8/9/2016 6:27 PM: ...Fetch SdkRepository
8/9/2016 6:27 PM: ...Fetch SdkAddon
8/9/2016 6:27 PM: ...Fetch SdkGlassAddon
8/9/2016 6:28 PM: ...Fetch ExtraIntelSdkAddon
8/9/2016 6:28 PM: ...Fetch AndroidSysimg
8/9/2016 6:28 PM: ...Fetch AndroidTvSysimg
8/9/2016 6:28 PM: ...Fetch AndroidWearSysimg
8/9/2016 6:28 PM: ...Fetch GoogleApiSysimg
8/9/2016 6:28 PM: Start Fetching, Repository.Url=http://mirrors.neusoft.edu.cn/android/repository
8/9/2016 6:28 PM: Fetched.
8/9/2016 6:32 PM: ...Fetch SdkRepository
8/9/2016 6:32 PM: ...Fetch SdkAddon
8/9/2016 6:32 PM: ...Fetch SdkGlassAddon
8/9/2016 6:32 PM: ...Fetch ExtraIntelSdkAddon
8/9/2016 6:32 PM: ...Fetch AndroidSysimg
8/9/2016 6:32 PM: ...Fetch AndroidTvSysimg
8/9/2016 6:32 PM: ...Fetch AndroidWearSysimg
8/9/2016 6:32 PM: ...Fetch GoogleApiSysimg
8/9/2016 6:32 PM: Start Fetching, Repository.Url=https://dl.google.com/android/repository
8/9/2016 6:32 PM: Fetched.
